\BOOKMARK [0][-]{chapter*.2}{Abbildungsverzeichnis}{}% 1
\BOOKMARK [0][-]{chapter*.3}{Tabellenverzeichnis}{}% 2
\BOOKMARK [0][-]{chapter*.4}{Formelverzeichnis}{}% 3
\BOOKMARK [0][-]{chapter.1}{Einleitung}{}% 4
\BOOKMARK [1][-]{section.1.1}{Motivation}{chapter.1}% 5
\BOOKMARK [1][-]{section.1.2}{Ziel der Arbeit}{chapter.1}% 6
\BOOKMARK [0][-]{chapter.2}{Konzeption der Anwendung}{}% 7
\BOOKMARK [1][-]{section.2.1}{Grundidee}{chapter.2}% 8
\BOOKMARK [2][-]{subsection.2.1.1}{Quandl Data-Provider}{section.2.1}% 9
\BOOKMARK [2][-]{subsection.2.1.2}{Stockmarket-Webapp}{section.2.1}% 10
\BOOKMARK [2][-]{subsection.2.1.3}{Visualisierung}{section.2.1}% 11
\BOOKMARK [1][-]{section.2.2}{Architektur}{chapter.2}% 12
\BOOKMARK [0][-]{chapter.3}{Technologie}{}% 13
\BOOKMARK [1][-]{section.3.1}{Rest-Kommunikation}{chapter.3}% 14
\BOOKMARK [1][-]{section.3.2}{Frameworks}{chapter.3}% 15
\BOOKMARK [2][-]{subsection.3.2.1}{Spring Boot}{section.3.2}% 16
\BOOKMARK [2][-]{subsection.3.2.2}{Javascript Bibliothek - C3js}{section.3.2}% 17
\BOOKMARK [2][-]{subsection.3.2.3}{CSS Bootstrap}{section.3.2}% 18
\BOOKMARK [1][-]{section.3.3}{Apache Maven}{chapter.3}% 19
\BOOKMARK [0][-]{chapter.4}{Konzeption des k\374nstlichen neuronalen Netzes}{}% 20
\BOOKMARK [1][-]{section.4.1}{Wahl des Netztyps}{chapter.4}% 21
\BOOKMARK [1][-]{section.4.2}{Wahl der Topologie}{chapter.4}% 22
\BOOKMARK [1][-]{section.4.3}{Wahl des Lernverfahrens}{chapter.4}% 23
\BOOKMARK [0][-]{chapter.5}{Umsetzung}{}% 24
\BOOKMARK [1][-]{section.5.1}{Umsetzung der Anwendung}{chapter.5}% 25
\BOOKMARK [2][-]{subsection.5.1.1}{Oberfl\344che}{section.5.1}% 26
\BOOKMARK [2][-]{subsection.5.1.2}{Anfrage}{section.5.1}% 27
\BOOKMARK [2][-]{subsection.5.1.3}{Maven POM der Anwendung}{section.5.1}% 28
\BOOKMARK [1][-]{section.5.2}{Umsetzung des k\374nstlichen neuronalen Netzes}{chapter.5}% 29
\BOOKMARK [1][-]{section.5.3}{Optimierung des k\374nstlichen neuronalen Netzes}{chapter.5}% 30
\BOOKMARK [2][-]{subsection.5.3.1}{Optimierung der Topologie}{section.5.3}% 31
\BOOKMARK [2][-]{subsection.5.3.2}{Wahl der optimalen Transferfunktion}{section.5.3}% 32
\BOOKMARK [2][-]{subsection.5.3.3}{Wahl der optimalen Lernregel}{section.5.3}% 33
\BOOKMARK [1][-]{section.5.4}{Die endg\374ltigen k\374nstlichen neuronalen Netze}{chapter.5}% 34
\BOOKMARK [0][-]{chapter.6}{Analyse der k\374nstlichen neuronalen Netze}{}% 35
\BOOKMARK [0][-]{chapter.7}{Zusammenfassung und Fazit}{}% 36
\BOOKMARK [0][-]{chapter*.10}{Literatur- und Quellenverzeichnis}{}% 37
