\BOOKMARK [0][-]{chapter*.2}{Abbildungsverzeichnis}{}% 1
\BOOKMARK [0][-]{chapter*.3}{Tabellenverzeichnis}{}% 2
\BOOKMARK [0][-]{chapter*.4}{Formelverzeichnis}{}% 3
\BOOKMARK [0][-]{chapter*.5}{Abk\374rzungsverzeichnis}{}% 4
\BOOKMARK [0][-]{chapter.1}{Einleitung}{}% 5
\BOOKMARK [1][-]{section.1.1}{Motivation}{chapter.1}% 6
\BOOKMARK [1][-]{section.1.2}{Ziel der Arbeit}{chapter.1}% 7
\BOOKMARK [0][-]{chapter.2}{Konzeption}{}% 8
\BOOKMARK [1][-]{section.2.1}{Konzeption der Anwendung}{chapter.2}% 9
\BOOKMARK [2][-]{subsection.2.1.1}{Grundidee}{section.2.1}% 10
\BOOKMARK [2][-]{subsection.2.1.2}{Mockup}{section.2.1}% 11
\BOOKMARK [2][-]{subsection.2.1.3}{Systemlandschaft der Anwendung}{section.2.1}% 12
\BOOKMARK [1][-]{section.2.2}{Apache Tomcat}{chapter.2}% 13
\BOOKMARK [2][-]{subsection.2.2.1}{Anwendungsumfeld}{section.2.2}% 14
\BOOKMARK [1][-]{section.2.3}{Wahl der Technologie}{chapter.2}% 15
\BOOKMARK [1][-]{section.2.4}{Apache Maven}{chapter.2}% 16
\BOOKMARK [2][-]{subsection.2.4.1}{Frameworks}{section.2.4}% 17
\BOOKMARK [2][-]{subsection.2.4.2}{Das Neuroph Framework}{section.2.4}% 18
\BOOKMARK [2][-]{subsection.2.4.3}{Neuroph API}{section.2.4}% 19
\BOOKMARK [1][-]{section.2.5}{Konzeption des k\374nstlichen neuronalen Netzes}{chapter.2}% 20
\BOOKMARK [2][-]{subsection.2.5.1}{Wahl des Netztyps}{section.2.5}% 21
\BOOKMARK [2][-]{subsection.2.5.2}{Wahl der Topologie}{section.2.5}% 22
\BOOKMARK [2][-]{subsection.2.5.3}{Wahl des Lernverfahrens}{section.2.5}% 23
\BOOKMARK [0][-]{chapter.3}{Umsetzung}{}% 24
\BOOKMARK [1][-]{section.3.1}{Umsetzung der Anwendung}{chapter.3}% 25
\BOOKMARK [2][-]{subsection.3.1.1}{Oberfl\344che}{section.3.1}% 26
\BOOKMARK [2][-]{subsection.3.1.2}{Dataset und AnnNames ajax}{section.3.1}% 27
\BOOKMARK [2][-]{subsection.3.1.3}{Anfrage}{section.3.1}% 28
\BOOKMARK [2][-]{subsection.3.1.4}{Anfragestellung}{section.3.1}% 29
\BOOKMARK [2][-]{subsection.3.1.5}{Antwort-Erstellung}{section.3.1}% 30
\BOOKMARK [2][-]{subsection.3.1.6}{Antwort-Verarbeitung}{section.3.1}% 31
\BOOKMARK [2][-]{subsection.3.1.7}{app.properties}{section.3.1}% 32
\BOOKMARK [1][-]{section.3.2}{Umsetzung des k\374nstlichen neuronalen Netzes mit Neuroph}{chapter.3}% 33
\BOOKMARK [1][-]{section.3.3}{Optimierung des k\374nstlichen neuronalen Netzes}{chapter.3}% 34
\BOOKMARK [2][-]{subsection.3.3.1}{Optimierung der Topologie}{section.3.3}% 35
\BOOKMARK [2][-]{subsection.3.3.2}{Wahl der optimalen Transferfunktion}{section.3.3}% 36
\BOOKMARK [2][-]{subsection.3.3.3}{Wahl der optimalen Lernregel}{section.3.3}% 37
\BOOKMARK [2][-]{subsection.3.3.4}{Wahl der optimalen Lernrate}{section.3.3}% 38
\BOOKMARK [1][-]{section.3.4}{Die endg\374ltigen k\374nstlichen neuronalen Netze}{chapter.3}% 39
\BOOKMARK [1][-]{section.3.5}{Zusammenf\374hrung der Komponenten}{chapter.3}% 40
\BOOKMARK [0][-]{chapter.4}{Beschreibung der Anwendung}{}% 41
\BOOKMARK [1][-]{section.4.1}{Architektur der Anwendung}{chapter.4}% 42
\BOOKMARK [1][-]{section.4.2}{Elemente der GUI}{chapter.4}% 43
\BOOKMARK [0][-]{chapter.5}{Analyse}{}% 44
\BOOKMARK [0][-]{chapter.6}{Fazit}{}% 45
\BOOKMARK [0][-]{chapter*.16}{Literaturverzeichnis}{}% 46
