\BOOKMARK [0][-]{chapter*.2}{Abbildungsverzeichnis}{}% 1
\BOOKMARK [0][-]{chapter*.3}{Tabellenverzeichnis}{}% 2
\BOOKMARK [0][-]{chapter*.4}{Formelverzeichnis}{}% 3
\BOOKMARK [0][-]{chapter.1}{Einleitung}{}% 4
\BOOKMARK [1][-]{section.1.1}{Motivation}{chapter.1}% 5
\BOOKMARK [1][-]{section.1.2}{Ziel der Arbeit}{chapter.1}% 6
\BOOKMARK [0][-]{chapter.2}{Konzeption}{}% 7
\BOOKMARK [1][-]{section.2.1}{Konzeption der Anwendung}{chapter.2}% 8
\BOOKMARK [2][-]{subsection.2.1.1}{Grundidee}{section.2.1}% 9
\BOOKMARK [2][-]{subsection.2.1.2}{Das Neuroph Framework}{section.2.1}% 10
\BOOKMARK [1][-]{section.2.2}{Konzeption des k\374nstlichen neuronalen Netzes}{chapter.2}% 11
\BOOKMARK [2][-]{subsection.2.2.1}{Wahl des Netztyps}{section.2.2}% 12
\BOOKMARK [2][-]{subsection.2.2.2}{Wahl der Topologie}{section.2.2}% 13
\BOOKMARK [2][-]{subsection.2.2.3}{Wahl des Lernverfahrens}{section.2.2}% 14
\BOOKMARK [0][-]{chapter.3}{Umsetzung}{}% 15
\BOOKMARK [1][-]{section.3.1}{Umsetzung der Anwendung}{chapter.3}% 16
\BOOKMARK [1][-]{section.3.2}{Umsetzung des k\374nstlichen neuronalen Netzes mit Neurophstudio}{chapter.3}% 17
\BOOKMARK [1][-]{section.3.3}{Optimierung des k\374nstlichen neuronalen Netzes}{chapter.3}% 18
\BOOKMARK [2][-]{subsection.3.3.1}{Optimierung der Topologie}{section.3.3}% 19
\BOOKMARK [2][-]{subsection.3.3.2}{Wahl der optimalen Transferfunktion}{section.3.3}% 20
\BOOKMARK [2][-]{subsection.3.3.3}{Wahl der optimalen Lernregel}{section.3.3}% 21
\BOOKMARK [1][-]{section.3.4}{Die endg\374ltigen k\374nstlichen neuronalen Netze}{chapter.3}% 22
\BOOKMARK [0][-]{chapter.4}{Analyse der k\374nstlichen neuronalen Netze}{}% 23
\BOOKMARK [0][-]{chapter.5}{Zusammenfassung und Fazit}{}% 24
